# JRE version: OpenJDK Runtime Environment (21.0.7) (build 21.0.7+-13880790-b1038.58)
# Java VM: OpenJDK 64-Bit Server VM (21.0.7+-13880790-b1038.58, mixed mode, tiered, compressed oops, compressed class ptrs, g1 gc, windows-amd64)
GC Precious Log:
 CardTable entry size: 512
 Card Set container configuration: InlinePtr #cards 5 size 8 Array Of Cards #cards 12 size 40 Howl #buckets 4 coarsen threshold 1843 Howl Bitmap #cards 512 size 80 coarsen threshold 460 Card regions per heap region 1 cards per card region 2048
 CPUs: 4 total, 4 available
 Memory: 6059M
 Large Page Support: Disabled
 NUMA Support: Disabled
 Compressed Oops: Enabled (32-bit)
 Heap Region Size: 1M
 Heap Min Capacity: 8M
 Heap Initial Capacity: 96M
 Heap Max Capacity: 1516M
 Pre-touch: Disabled
 Parallel Workers: 4
 Concurrent Workers: 1
 Concurrent Refinement Workers: 4
 Periodic GC: Disabled
Heap:
 garbage-first heap   total 391168K, used 242077K [0x00000000a1400000, 0x0000000100000000)
  region size 1024K, 11 young (11264K), 2 survivors (2048K)
 Metaspace       used 93505K, committed 93824K, reserved 1179648K
  class space    used 9383K, committed 9536K, reserved 1048576K
GC Heap History (20 events):
Event: 47.997 GC heap before
{Heap before GC invocations=41 (full 0):
 garbage-first heap   total 285696K, used 226722K [0x00000000a1400000, 0x0000000100000000)
  region size 1024K, 87 young (89088K), 6 survivors (6144K)
 Metaspace       used 63499K, committed 63808K, reserved 1114112K
  class space    used 7047K, committed 7232K, reserved 1048576K
}
Event: 48.015 GC heap after
{Heap after GC invocations=42 (full 0):
 garbage-first heap   total 285696K, used 149917K [0x00000000a1400000, 0x0000000100000000)
  region size 1024K, 6 young (6144K), 6 survivors (6144K)
 Metaspace       used 63499K, committed 63808K, reserved 1114112K
  class space    used 7047K, committed 7232K, reserved 1048576K
}
Event: 64.917 GC heap before
{Heap before GC invocations=42 (full 0):
 garbage-first heap   total 285696K, used 239005K [0x00000000a1400000, 0x0000000100000000)
  region size 1024K, 93 young (95232K), 6 survivors (6144K)
 Metaspace       used 63835K, committed 64192K, reserved 1114112K
  class space    used 7053K, committed 7232K, reserved 1048576K
}
Event: 64.954 GC heap after
{Heap after GC invocations=43 (full 0):
 garbage-first heap   total 285696K, used 157696K [0x00000000a1400000, 0x0000000100000000)
  region size 1024K, 12 young (12288K), 12 survivors (12288K)
 Metaspace       used 63835K, committed 64192K, reserved 1114112K
  class space    used 7053K, committed 7232K, reserved 1048576K
}
Event: 77.495 GC heap before
{Heap before GC invocations=43 (full 0):
 garbage-first heap   total 285696K, used 249856K [0x00000000a1400000, 0x0000000100000000)
  region size 1024K, 102 young (104448K), 12 survivors (12288K)
 Metaspace       used 68186K, committed 68480K, reserved 1114112K
  class space    used 7388K, committed 7552K, reserved 1048576K
}
Event: 77.647 GC heap after
{Heap after GC invocations=44 (full 0):
 garbage-first heap   total 285696K, used 166912K [0x00000000a1400000, 0x0000000100000000)
  region size 1024K, 9 young (9216K), 9 survivors (9216K)
 Metaspace       used 68186K, committed 68480K, reserved 1114112K
  class space    used 7388K, committed 7552K, reserved 1048576K
}
Event: 87.006 GC heap before
{Heap before GC invocations=44 (full 0):
 garbage-first heap   total 285696K, used 252928K [0x00000000a1400000, 0x0000000100000000)
  region size 1024K, 94 young (96256K), 9 survivors (9216K)
 Metaspace       used 74517K, committed 74816K, reserved 1179648K
  class space    used 7942K, committed 8064K, reserved 1048576K
}
Event: 87.073 GC heap after
{Heap after GC invocations=45 (full 0):
 garbage-first heap   total 285696K, used 180736K [0x00000000a1400000, 0x0000000100000000)
  region size 1024K, 12 young (12288K), 12 survivors (12288K)
 Metaspace       used 74517K, committed 74816K, reserved 1179648K
  class space    used 7942K, committed 8064K, reserved 1048576K
}
Event: 93.947 GC heap before
{Heap before GC invocations=46 (full 0):
 garbage-first heap   total 302080K, used 255488K [0x00000000a1400000, 0x0000000100000000)
  region size 1024K, 85 young (87040K), 12 survivors (12288K)
 Metaspace       used 79634K, committed 80000K, reserved 1179648K
  class space    used 8297K, committed 8448K, reserved 1048576K
}
Event: 94.002 GC heap after
{Heap after GC invocations=47 (full 0):
 garbage-first heap   total 302080K, used 193024K [0x00000000a1400000, 0x0000000100000000)
  region size 1024K, 11 young (11264K), 11 survivors (11264K)
 Metaspace       used 79634K, committed 80000K, reserved 1179648K
  class space    used 8297K, committed 8448K, reserved 1048576K
}
Event: 97.520 GC heap before
{Heap before GC invocations=47 (full 0):
 garbage-first heap   total 302080K, used 269824K [0x00000000a1400000, 0x0000000100000000)
  region size 1024K, 86 young (88064K), 11 survivors (11264K)
 Metaspace       used 81698K, committed 82048K, reserved 1179648K
  class space    used 8473K, committed 8640K, reserved 1048576K
}
Event: 97.577 GC heap after
{Heap after GC invocations=48 (full 0):
 garbage-first heap   total 305152K, used 212480K [0x00000000a1400000, 0x0000000100000000)
  region size 1024K, 11 young (11264K), 11 survivors (11264K)
 Metaspace       used 81698K, committed 82048K, reserved 1179648K
  class space    used 8473K, committed 8640K, reserved 1048576K
}
Event: 103.204 GC heap before
{Heap before GC invocations=48 (full 0):
 garbage-first heap   total 305152K, used 270848K [0x00000000a1400000, 0x0000000100000000)
  region size 1024K, 68 young (69632K), 11 survivors (11264K)
 Metaspace       used 82891K, committed 83200K, reserved 1179648K
  class space    used 8570K, committed 8704K, reserved 1048576K
}
Event: 103.244 GC heap after
{Heap after GC invocations=49 (full 0):
 garbage-first heap   total 305152K, used 223232K [0x00000000a1400000, 0x0000000100000000)
  region size 1024K, 9 young (9216K), 9 survivors (9216K)
 Metaspace       used 82891K, committed 83200K, reserved 1179648K
  class space    used 8570K, committed 8704K, reserved 1048576K
}
Event: 110.093 GC heap before
{Heap before GC invocations=50 (full 0):
 garbage-first heap   total 372736K, used 276480K [0x00000000a1400000, 0x0000000100000000)
  region size 1024K, 61 young (62464K), 9 survivors (9216K)
 Metaspace       used 86652K, committed 87040K, reserved 1179648K
  class space    used 8929K, committed 9088K, reserved 1048576K
}
Event: 110.127 GC heap after
{Heap after GC invocations=51 (full 0):
 garbage-first heap   total 372736K, used 227278K [0x00000000a1400000, 0x0000000100000000)
  region size 1024K, 4 young (4096K), 4 survivors (4096K)
 Metaspace       used 86652K, committed 87040K, reserved 1179648K
  class space    used 8929K, committed 9088K, reserved 1048576K
}
Event: 119.712 GC heap before
{Heap before GC invocations=51 (full 0):
 garbage-first heap   total 372736K, used 318414K [0x00000000a1400000, 0x0000000100000000)
  region size 1024K, 93 young (95232K), 4 survivors (4096K)
 Metaspace       used 93317K, committed 93632K, reserved 1179648K
  class space    used 9383K, committed 9536K, reserved 1048576K
}
Event: 119.757 GC heap after
{Heap after GC invocations=52 (full 0):
 garbage-first heap   total 372736K, used 233322K [0x00000000a1400000, 0x0000000100000000)
  region size 1024K, 10 young (10240K), 10 survivors (10240K)
 Metaspace       used 93317K, committed 93632K, reserved 1179648K
  class space    used 9383K, committed 9536K, reserved 1048576K
}
Event: 120.507 GC heap before
{Heap before GC invocations=52 (full 0):
 garbage-first heap   total 372736K, used 240490K [0x00000000a1400000, 0x0000000100000000)
  region size 1024K, 18 young (18432K), 10 survivors (10240K)
 Metaspace       used 93454K, committed 93760K, reserved 1179648K
  class space    used 9383K, committed 9536K, reserved 1048576K
}
Event: 120.532 GC heap after
{Heap after GC invocations=53 (full 0):
 garbage-first heap   total 372736K, used 234909K [0x00000000a1400000, 0x0000000100000000)
  region size 1024K, 2 young (2048K), 2 survivors (2048K)
 Metaspace       used 93454K, committed 93760K, reserved 1179648K
  class space    used 9383K, committed 9536K, reserved 1048576K
}

